<?xml version="1.0" encoding="UTF-8"?>
<testng-results ignored="0" total="1" passed="1" failed="0" skipped="0">
  <reporter-output>
  </reporter-output>
  <suite started-at="2022-12-13T23:28:59 IST" name="GitHub Application Testing" finished-at="2022-12-13T23:29:04 IST" duration-ms="4376">
    <groups>
    </groups>
    <test started-at="2022-12-13T23:28:59 IST" name="Github Login" finished-at="2022-12-13T23:29:04 IST" duration-ms="4376">
      <class name="test.GitHubLogin">
        <test-method is-config="true" signature="openBrowser()[pri:0, instance:test.GitHubLogin@5ab956d7]" started-at="2022-12-13T23:28:57 IST" name="openBrowser" finished-at="2022-12-13T23:28:59 IST" duration-ms="2409" status="PASS">
          <reporter-output>
          </reporter-output>
        </test-method> <!-- openBrowser -->
        <test-method is-config="true" signature="openAut()[pri:0, instance:test.GitHubLogin@5ab956d7]" started-at="2022-12-13T23:28:59 IST" name="openAut" finished-at="2022-12-13T23:29:00 IST" duration-ms="912" status="PASS">
          <reporter-output>
          </reporter-output>
        </test-method> <!-- openAut -->
        <test-method is-config="true" signature="clickLoginButton()[pri:0, instance:test.GitHubLogin@5ab956d7]" started-at="2022-12-13T23:29:00 IST" name="clickLoginButton" finished-at="2022-12-13T23:29:01 IST" duration-ms="411" status="PASS">
          <reporter-output>
          </reporter-output>
        </test-method> <!-- clickLoginButton -->
        <test-method signature="logIn()[pri:0, instance:test.GitHubLogin@5ab956d7]" started-at="2022-12-13T23:29:01 IST" name="logIn" finished-at="2022-12-13T23:29:01 IST" duration-ms="14" status="PASS">
          <reporter-output>
          </reporter-output>
        </test-method> <!-- logIn -->
        <test-method is-config="true" signature="logOut()[pri:0, instance:test.GitHubLogin@5ab956d7]" started-at="2022-12-13T23:29:01 IST" name="logOut" finished-at="2022-12-13T23:29:04 IST" duration-ms="3006" status="PASS">
          <reporter-output>
          </reporter-output>
        </test-method> <!-- logOut -->
        <test-method is-config="true" signature="quitBrowser()[pri:0, instance:test.GitHubLogin@5ab956d7]" started-at="2022-12-13T23:29:04 IST" name="quitBrowser" finished-at="2022-12-13T23:29:04 IST" duration-ms="698" status="PASS">
          <reporter-output>
          </reporter-output>
        </test-method> <!-- quitBrowser -->
      </class> <!-- test.GitHubLogin -->
    </test> <!-- Github Login -->
  </suite> <!-- GitHub Application Testing -->
</testng-results>
