<?xml version="1.0" encoding="UTF-8"?>
<testng-results ignored="0" total="1" passed="1" failed="0" skipped="0">
  <reporter-output>
  </reporter-output>
  <suite started-at="2022-12-13T22:55:05 IST" name="Default suite" finished-at="2022-12-13T22:55:09 IST" duration-ms="4413">
    <groups>
    </groups>
    <test started-at="2022-12-13T22:55:05 IST" name="Default test" finished-at="2022-12-13T22:55:09 IST" duration-ms="4413">
      <class name="testing.GitHubLogin">
        <test-method is-config="true" signature="openBrowser()[pri:0, instance:testing.GitHubLogin@6404f418]" started-at="2022-12-13T22:55:02 IST" name="openBrowser" finished-at="2022-12-13T22:55:05 IST" duration-ms="2381" status="PASS">
          <reporter-output>
          </reporter-output>
        </test-method> <!-- openBrowser -->
        <test-method is-config="true" signature="openAut()[pri:0, instance:testing.GitHubLogin@6404f418]" started-at="2022-12-13T22:55:05 IST" name="openAut" finished-at="2022-12-13T22:55:06 IST" duration-ms="965" status="PASS">
          <reporter-output>
          </reporter-output>
        </test-method> <!-- openAut -->
        <test-method is-config="true" signature="clickLoginButton()[pri:0, instance:testing.GitHubLogin@6404f418]" started-at="2022-12-13T22:55:06 IST" name="clickLoginButton" finished-at="2022-12-13T22:55:06 IST" duration-ms="400" status="PASS">
          <reporter-output>
          </reporter-output>
        </test-method> <!-- clickLoginButton -->
        <test-method signature="logIn()[pri:0, instance:testing.GitHubLogin@6404f418]" started-at="2022-12-13T22:55:06 IST" name="logIn" finished-at="2022-12-13T22:55:06 IST" duration-ms="15" status="PASS">
          <reporter-output>
          </reporter-output>
        </test-method> <!-- logIn -->
        <test-method is-config="true" signature="logOut()[pri:0, instance:testing.GitHubLogin@6404f418]" started-at="2022-12-13T22:55:06 IST" name="logOut" finished-at="2022-12-13T22:55:09 IST" duration-ms="3008" status="PASS">
          <reporter-output>
          </reporter-output>
        </test-method> <!-- logOut -->
        <test-method is-config="true" signature="quitBrowser()[pri:0, instance:testing.GitHubLogin@6404f418]" started-at="2022-12-13T22:55:09 IST" name="quitBrowser" finished-at="2022-12-13T22:55:10 IST" duration-ms="652" status="PASS">
          <reporter-output>
          </reporter-output>
        </test-method> <!-- quitBrowser -->
      </class> <!-- testing.GitHubLogin -->
    </test> <!-- Default test -->
  </suite> <!-- Default suite -->
</testng-results>
