<?xml version="1.0" encoding="UTF-8"?>
<testng-results ignored="0" total="1" passed="1" failed="0" skipped="0">
  <reporter-output>
  </reporter-output>
  <suite started-at="2022-12-13T23:33:55 IST" name="GitHub Application Testing" finished-at="2022-12-13T23:34:00 IST" duration-ms="4688">
    <groups>
    </groups>
    <test started-at="2022-12-13T23:33:55 IST" name="Github Login" finished-at="2022-12-13T23:34:00 IST" duration-ms="4688">
      <class name="test.GitHubLogin">
        <test-method is-config="true" signature="openBrowser()[pri:0, instance:test.GitHubLogin@8458f04]" started-at="2022-12-13T23:33:52 IST" name="openBrowser" finished-at="2022-12-13T23:33:55 IST" duration-ms="2523" status="PASS">
          <reporter-output>
          </reporter-output>
        </test-method> <!-- openBrowser -->
        <test-method is-config="true" signature="openAut()[pri:0, instance:test.GitHubLogin@8458f04]" started-at="2022-12-13T23:33:55 IST" name="openAut" finished-at="2022-12-13T23:33:56 IST" duration-ms="1062" status="PASS">
          <reporter-output>
          </reporter-output>
        </test-method> <!-- openAut -->
        <test-method is-config="true" signature="clickLoginButton()[pri:0, instance:test.GitHubLogin@8458f04]" started-at="2022-12-13T23:33:56 IST" name="clickLoginButton" finished-at="2022-12-13T23:33:57 IST" duration-ms="557" status="PASS">
          <reporter-output>
          </reporter-output>
        </test-method> <!-- clickLoginButton -->
        <test-method signature="logIn()[pri:0, instance:test.GitHubLogin@8458f04]" started-at="2022-12-13T23:33:57 IST" name="logIn" finished-at="2022-12-13T23:33:57 IST" duration-ms="19" status="PASS">
          <reporter-output>
          </reporter-output>
        </test-method> <!-- logIn -->
        <test-method is-config="true" signature="logOut()[pri:0, instance:test.GitHubLogin@8458f04]" started-at="2022-12-13T23:33:57 IST" name="logOut" finished-at="2022-12-13T23:34:00 IST" duration-ms="3013" status="PASS">
          <reporter-output>
          </reporter-output>
        </test-method> <!-- logOut -->
        <test-method is-config="true" signature="quitBrowser()[pri:0, instance:test.GitHubLogin@8458f04]" started-at="2022-12-13T23:34:00 IST" name="quitBrowser" finished-at="2022-12-13T23:34:00 IST" duration-ms="678" status="PASS">
          <reporter-output>
          </reporter-output>
        </test-method> <!-- quitBrowser -->
      </class> <!-- test.GitHubLogin -->
    </test> <!-- Github Login -->
  </suite> <!-- GitHub Application Testing -->
</testng-results>
